Arguments: 
  /usr/local/bin/node /Users/matthewchukwuemeka/.node/corepack/yarn/1.22.19/bin/yarn.js init

PATH: 
  /Users/matthewchukwuemeka/.cargo/bin:/Users/matthewchukwuemeka/.cargo/bin:/opt/homebrew/opt/gnu-tar/libexec/gnubin:/Users/matthewchukwuemeka/.local/share/solana/install/active_release/bin:/bin:/usr/bin:/usr/local/bin:/Users/matthewchukwuemeka/.mint/bin:/usr/sbin

Yarn version: 
  1.22.19

Node version: 
  16.17.0

Platform: 
  darwin arm64

Trace: 
  Error: canceled
      at Interface.<anonymous> (/Users/matthewchukwuemeka/.node/corepack/yarn/1.22.19/lib/cli.js:137150:13)
      at Interface.emit (node:events:513:28)
      at Interface._ttyWrite (node:readline:1085:16)
      at ReadStream.onkeypress (node:readline:291:10)
      at ReadStream.emit (node:events:513:28)
      at emitKeys (node:internal/readline/utils:357:14)
      at emitKeys.next (<anonymous>)
      at ReadStream.onData (node:internal/readline/emitKeypressEvents:61:36)
      at ReadStream.emit (node:events:513:28)
      at addChunk (node:internal/streams/readable:315:12)

npm manifest: 
  No manifest

yarn manifest: 
  No manifest

Lockfile: 
  No lockfile
